[17-Feb-2013 14:40:56] PHP Parse error:  syntax error, unexpected ')' in /home/ugrad/09/s0911434/public_html/jikken-s11/1-1/search.php on line 21
[17-Feb-2013 14:57:35] PHP Warning:  fopen(target.txt): failed to open stream: Permission denied in /home/ugrad/09/s0911434/public_html/jikken-s11/1-1/add.php on line 2
[17-Feb-2013 14:57:35] PHP Warning:  fwrite() expects parameter 1 to be resource, boolean given in /home/ugrad/09/s0911434/public_html/jikken-s11/1-1/add.php on line 3
[17-Feb-2013 14:57:35] PHP Warning:  fclose() expects parameter 1 to be resource, boolean given in /home/ugrad/09/s0911434/public_html/jikken-s11/1-1/add.php on line 4
[17-Feb-2013 14:58:23] PHP Warning:  fopen(target.txt): failed to open stream: Permission denied in /home/ugrad/09/s0911434/public_html/jikken-s11/1-1/add.php on line 2
[17-Feb-2013 14:58:23] PHP Warning:  fwrite() expects parameter 1 to be resource, boolean given in /home/ugrad/09/s0911434/public_html/jikken-s11/1-1/add.php on line 3
[17-Feb-2013 14:58:23] PHP Warning:  fclose() expects parameter 1 to be resource, boolean given in /home/ugrad/09/s0911434/public_html/jikken-s11/1-1/add.php on line 4
[17-Feb-2013 14:58:31] PHP Warning:  fopen(target.txt): failed to open stream: Permission denied in /home/ugrad/09/s0911434/public_html/jikken-s11/1-1/add.php on line 2
[17-Feb-2013 14:58:31] PHP Warning:  fwrite() expects parameter 1 to be resource, boolean given in /home/ugrad/09/s0911434/public_html/jikken-s11/1-1/add.php on line 3
[17-Feb-2013 14:58:31] PHP Warning:  fclose() expects parameter 1 to be resource, boolean given in /home/ugrad/09/s0911434/public_html/jikken-s11/1-1/add.php on line 4
[17-Feb-2013 14:58:36] PHP Warning:  fopen(target.txt): failed to open stream: Permission denied in /home/ugrad/09/s0911434/public_html/jikken-s11/1-1/add.php on line 2
[17-Feb-2013 14:58:36] PHP Warning:  fwrite() expects parameter 1 to be resource, boolean given in /home/ugrad/09/s0911434/public_html/jikken-s11/1-1/add.php on line 3
[17-Feb-2013 14:58:36] PHP Warning:  fclose() expects parameter 1 to be resource, boolean given in /home/ugrad/09/s0911434/public_html/jikken-s11/1-1/add.php on line 4
[17-Feb-2013 14:58:38] PHP Warning:  fopen(target.txt): failed to open stream: Permission denied in /home/ugrad/09/s0911434/public_html/jikken-s11/1-1/add.php on line 2
[17-Feb-2013 14:58:38] PHP Warning:  fwrite() expects parameter 1 to be resource, boolean given in /home/ugrad/09/s0911434/public_html/jikken-s11/1-1/add.php on line 3
[17-Feb-2013 14:58:38] PHP Warning:  fclose() expects parameter 1 to be resource, boolean given in /home/ugrad/09/s0911434/public_html/jikken-s11/1-1/add.php on line 4
[17-Feb-2013 15:36:59] PHP Notice:  Undefined variable: file in /home/ugrad/09/s0911434/public_html/jikken-s11/1-1/index.php on line 39
[17-Feb-2013 15:36:59] PHP Warning:  fgetcsv() expects parameter 1 to be resource, null given in /home/ugrad/09/s0911434/public_html/jikken-s11/1-1/index.php on line 39
[17-Feb-2013 15:40:54] PHP Warning:  preg_match(): Compilation failed: missing terminating ] for character class at offset 10 in /home/ugrad/09/s0911434/public_html/jikken-s11/1-1/search.php on line 26
[17-Feb-2013 15:40:54] PHP Warning:  preg_match(): Compilation failed: missing terminating ] for character class at offset 10 in /home/ugrad/09/s0911434/public_html/jikken-s11/1-1/search.php on line 26
[17-Feb-2013 15:40:54] PHP Warning:  preg_match(): Compilation failed: missing terminating ] for character class at offset 10 in /home/ugrad/09/s0911434/public_html/jikken-s11/1-1/search.php on line 26
[17-Feb-2013 15:40:54] PHP Warning:  preg_match(): Compilation failed: missing terminating ] for character class at offset 10 in /home/ugrad/09/s0911434/public_html/jikken-s11/1-1/search.php on line 26
[17-Feb-2013 15:40:54] PHP Warning:  preg_match(): Compilation failed: missing terminating ] for character class at offset 10 in /home/ugrad/09/s0911434/public_html/jikken-s11/1-1/search.php on line 26
[17-Feb-2013 15:40:54] PHP Warning:  preg_match(): Compilation failed: missing terminating ] for character class at offset 10 in /home/ugrad/09/s0911434/public_html/jikken-s11/1-1/search.php on line 26
[17-Feb-2013 15:40:54] PHP Warning:  preg_match(): Compilation failed: missing terminating ] for character class at offset 10 in /home/ugrad/09/s0911434/public_html/jikken-s11/1-1/search.php on line 26
[17-Feb-2013 15:40:54] PHP Warning:  preg_match(): Compilation failed: missing terminating ] for character class at offset 10 in /home/ugrad/09/s0911434/public_html/jikken-s11/1-1/search.php on line 26
[17-Feb-2013 15:40:54] PHP Warning:  preg_match(): Compilation failed: missing terminating ] for character class at offset 10 in /home/ugrad/09/s0911434/public_html/jikken-s11/1-1/search.php on line 26
[17-Feb-2013 15:40:54] PHP Warning:  preg_match(): Compilation failed: missing terminating ] for character class at offset 10 in /home/ugrad/09/s0911434/public_html/jikken-s11/1-1/search.php on line 26
[17-Feb-2013 15:40:54] PHP Warning:  preg_match(): Compilation failed: missing terminating ] for character class at offset 10 in /home/ugrad/09/s0911434/public_html/jikken-s11/1-1/search.php on line 26
[17-Feb-2013 15:40:54] PHP Warning:  preg_match(): Compilation failed: missing terminating ] for character class at offset 10 in /home/ugrad/09/s0911434/public_html/jikken-s11/1-1/search.php on line 26
[17-Feb-2013 15:40:54] PHP Warning:  preg_match(): Compilation failed: missing terminating ] for character class at offset 10 in /home/ugrad/09/s0911434/public_html/jikken-s11/1-1/search.php on line 26
[17-Feb-2013 15:40:54] PHP Warning:  preg_match(): Compilation failed: missing terminating ] for character class at offset 10 in /home/ugrad/09/s0911434/public_html/jikken-s11/1-1/search.php on line 26
[17-Feb-2013 15:40:54] PHP Warning:  preg_match(): Compilation failed: missing terminating ] for character class at offset 10 in /home/ugrad/09/s0911434/public_html/jikken-s11/1-1/search.php on line 26
[17-Feb-2013 15:40:54] PHP Warning:  preg_match(): Compilation failed: missing terminating ] for character class at offset 10 in /home/ugrad/09/s0911434/public_html/jikken-s11/1-1/search.php on line 26
[17-Feb-2013 15:40:54] PHP Warning:  preg_match(): Compilation failed: missing terminating ] for character class at offset 10 in /home/ugrad/09/s0911434/public_html/jikken-s11/1-1/search.php on line 26
[17-Feb-2013 15:40:54] PHP Warning:  preg_match(): Compilation failed: missing terminating ] for character class at offset 10 in /home/ugrad/09/s0911434/public_html/jikken-s11/1-1/search.php on line 26
[17-Feb-2013 15:40:54] PHP Warning:  preg_match(): Compilation failed: missing terminating ] for character class at offset 10 in /home/ugrad/09/s0911434/public_html/jikken-s11/1-1/search.php on line 26
[17-Feb-2013 15:40:54] PHP Warning:  preg_match(): Compilation failed: missing terminating ] for character class at offset 10 in /home/ugrad/09/s0911434/public_html/jikken-s11/1-1/search.php on line 26
[17-Feb-2013 15:40:54] PHP Warning:  preg_match(): Compilation failed: missing terminating ] for character class at offset 10 in /home/ugrad/09/s0911434/public_html/jikken-s11/1-1/search.php on line 26
[17-Feb-2013 15:40:54] PHP Warning:  preg_match(): Compilation failed: missing terminating ] for character class at offset 10 in /home/ugrad/09/s0911434/public_html/jikken-s11/1-1/search.php on line 26
[17-Feb-2013 15:40:54] PHP Warning:  preg_match(): Compilation failed: missing terminating ] for character class at offset 10 in /home/ugrad/09/s0911434/public_html/jikken-s11/1-1/search.php on line 26
[17-Feb-2013 15:40:54] PHP Warning:  preg_match(): Compilation failed: missing terminating ] for character class at offset 10 in /home/ugrad/09/s0911434/public_html/jikken-s11/1-1/search.php on line 26
[17-Feb-2013 15:40:54] PHP Warning:  preg_match(): Compilation failed: missing terminating ] for character class at offset 10 in /home/ugrad/09/s0911434/public_html/jikken-s11/1-1/search.php on line 26
[17-Feb-2013 15:40:54] PHP Warning:  preg_match(): Compilation failed: missing terminating ] for character class at offset 10 in /home/ugrad/09/s0911434/public_html/jikken-s11/1-1/search.php on line 26
[17-Feb-2013 15:40:54] PHP Warning:  preg_match(): Compilation failed: missing terminating ] for character class at offset 10 in /home/ugrad/09/s0911434/public_html/jikken-s11/1-1/search.php on line 26
[17-Feb-2013 15:40:54] PHP Warning:  preg_match(): Compilation failed: missing terminating ] for character class at offset 10 in /home/ugrad/09/s0911434/public_html/jikken-s11/1-1/search.php on line 26
[17-Feb-2013 15:40:54] PHP Warning:  preg_match(): Compilation failed: missing terminating ] for character class at offset 10 in /home/ugrad/09/s0911434/public_html/jikken-s11/1-1/search.php on line 26
[17-Feb-2013 15:40:54] PHP Warning:  preg_match(): Compilation failed: missing terminating ] for character class at offset 10 in /home/ugrad/09/s0911434/public_html/jikken-s11/1-1/search.php on line 26
[17-Feb-2013 15:40:54] PHP Warning:  preg_match(): Compilation failed: missing terminating ] for character class at offset 10 in /home/ugrad/09/s0911434/public_html/jikken-s11/1-1/search.php on line 26
[17-Feb-2013 15:40:54] PHP Warning:  preg_match(): Compilation failed: missing terminating ] for character class at offset 10 in /home/ugrad/09/s0911434/public_html/jikken-s11/1-1/search.php on line 26
[17-Feb-2013 15:40:54] PHP Warning:  preg_match(): Compilation failed: missing terminating ] for character class at offset 10 in /home/ugrad/09/s0911434/public_html/jikken-s11/1-1/search.php on line 26
[17-Feb-2013 15:40:54] PHP Warning:  preg_match(): Compilation failed: missing terminating ] for character class at offset 10 in /home/ugrad/09/s0911434/public_html/jikken-s11/1-1/search.php on line 26
[17-Feb-2013 15:40:54] PHP Warning:  preg_match(): Compilation failed: missing terminating ] for character class at offset 10 in /home/ugrad/09/s0911434/public_html/jikken-s11/1-1/search.php on line 26
[17-Feb-2013 15:40:54] PHP Warning:  preg_match(): Compilation failed: missing terminating ] for character class at offset 10 in /home/ugrad/09/s0911434/public_html/jikken-s11/1-1/search.php on line 26
[17-Feb-2013 15:40:54] PHP Warning:  preg_match(): Compilation failed: missing terminating ] for character class at offset 10 in /home/ugrad/09/s0911434/public_html/jikken-s11/1-1/search.php on line 26
[17-Feb-2013 15:40:54] PHP Warning:  preg_match(): Compilation failed: missing terminating ] for character class at offset 10 in /home/ugrad/09/s0911434/public_html/jikken-s11/1-1/search.php on line 26
[17-Feb-2013 15:40:54] PHP Warning:  preg_match(): Compilation failed: missing terminating ] for character class at offset 10 in /home/ugrad/09/s0911434/public_html/jikken-s11/1-1/search.php on line 26
[17-Feb-2013 15:40:54] PHP Warning:  preg_match(): Compilation failed: missing terminating ] for character class at offset 10 in /home/ugrad/09/s0911434/public_html/jikken-s11/1-1/search.php on line 26
[04-Mar-2013 16:55:25] PHP Warning:  fopen(resource/2_1_data.csv): failed to open stream: Permission denied in /home/ugrad/09/s0911434/public_html/jikken-s11/2-2/add.php on line 2
[04-Mar-2013 16:55:25] PHP Warning:  fwrite() expects parameter 1 to be resource, boolean given in /home/ugrad/09/s0911434/public_html/jikken-s11/2-2/add.php on line 3
[04-Mar-2013 16:55:25] PHP Warning:  fclose() expects parameter 1 to be resource, boolean given in /home/ugrad/09/s0911434/public_html/jikken-s11/2-2/add.php on line 4
[04-Mar-2013 16:55:47] PHP Warning:  fopen(resource/2_1_data.csv): failed to open stream: Permission denied in /home/ugrad/09/s0911434/public_html/jikken-s11/2-2/add.php on line 2
[04-Mar-2013 16:55:47] PHP Warning:  fwrite() expects parameter 1 to be resource, boolean given in /home/ugrad/09/s0911434/public_html/jikken-s11/2-2/add.php on line 3
[04-Mar-2013 16:55:47] PHP Warning:  fclose() expects parameter 1 to be resource, boolean given in /home/ugrad/09/s0911434/public_html/jikken-s11/2-2/add.php on line 4
[04-Mar-2013 16:56:28] PHP Warning:  fopen(resource/2_1_data.csv): failed to open stream: Permission denied in /home/ugrad/09/s0911434/public_html/jikken-s11/2-2/add.php on line 2
[04-Mar-2013 16:56:28] PHP Warning:  fwrite() expects parameter 1 to be resource, boolean given in /home/ugrad/09/s0911434/public_html/jikken-s11/2-2/add.php on line 3
[04-Mar-2013 16:56:28] PHP Warning:  fclose() expects parameter 1 to be resource, boolean given in /home/ugrad/09/s0911434/public_html/jikken-s11/2-2/add.php on line 4
