[17-Feb-2013 14:40:56] PHP Parse error:  syntax error, unexpected ')' in /home/ugrad/09/s0911434/public_html/jikken-s11/1-1/search.php on line 21
[17-Feb-2013 14:57:35] PHP Warning:  fopen(target.txt): failed to open stream: Permission denied in /home/ugrad/09/s0911434/public_html/jikken-s11/1-1/add.php on line 2
[17-Feb-2013 14:57:35] PHP Warning:  fwrite() expects parameter 1 to be resource, boolean given in /home/ugrad/09/s0911434/public_html/jikken-s11/1-1/add.php on line 3
[17-Feb-2013 14:57:35] PHP Warning:  fclose() expects parameter 1 to be resource, boolean given in /home/ugrad/09/s0911434/public_html/jikken-s11/1-1/add.php on line 4
[17-Feb-2013 14:58:23] PHP Warning:  fopen(target.txt): failed to open stream: Permission denied in /home/ugrad/09/s0911434/public_html/jikken-s11/1-1/add.php on line 2
[17-Feb-2013 14:58:23] PHP Warning:  fwrite() expects parameter 1 to be resource, boolean given in /home/ugrad/09/s0911434/public_html/jikken-s11/1-1/add.php on line 3
[17-Feb-2013 14:58:23] PHP Warning:  fclose() expects parameter 1 to be resource, boolean given in /home/ugrad/09/s0911434/public_html/jikken-s11/1-1/add.php on line 4
[17-Feb-2013 14:58:31] PHP Warning:  fopen(target.txt): failed to open stream: Permission denied in /home/ugrad/09/s0911434/public_html/jikken-s11/1-1/add.php on line 2
[17-Feb-2013 14:58:31] PHP Warning:  fwrite() expects parameter 1 to be resource, boolean given in /home/ugrad/09/s0911434/public_html/jikken-s11/1-1/add.php on line 3
[17-Feb-2013 14:58:31] PHP Warning:  fclose() expects parameter 1 to be resource, boolean given in /home/ugrad/09/s0911434/public_html/jikken-s11/1-1/add.php on line 4
[17-Feb-2013 14:58:36] PHP Warning:  fopen(target.txt): failed to open stream: Permission denied in /home/ugrad/09/s0911434/public_html/jikken-s11/1-1/add.php on line 2
[17-Feb-2013 14:58:36] PHP Warning:  fwrite() expects parameter 1 to be resource, boolean given in /home/ugrad/09/s0911434/public_html/jikken-s11/1-1/add.php on line 3
[17-Feb-2013 14:58:36] PHP Warning:  fclose() expects parameter 1 to be resource, boolean given in /home/ugrad/09/s0911434/public_html/jikken-s11/1-1/add.php on line 4
[17-Feb-2013 14:58:38] PHP Warning:  fopen(target.txt): failed to open stream: Permission denied in /home/ugrad/09/s0911434/public_html/jikken-s11/1-1/add.php on line 2
[17-Feb-2013 14:58:38] PHP Warning:  fwrite() expects parameter 1 to be resource, boolean given in /home/ugrad/09/s0911434/public_html/jikken-s11/1-1/add.php on line 3
[17-Feb-2013 14:58:38] PHP Warning:  fclose() expects parameter 1 to be resource, boolean given in /home/ugrad/09/s0911434/public_html/jikken-s11/1-1/add.php on line 4
[17-Feb-2013 15:36:59] PHP Notice:  Undefined variable: file in /home/ugrad/09/s0911434/public_html/jikken-s11/1-1/index.php on line 39
[17-Feb-2013 15:36:59] PHP Warning:  fgetcsv() expects parameter 1 to be resource, null given in /home/ugrad/09/s0911434/public_html/jikken-s11/1-1/index.php on line 39
[17-Feb-2013 15:40:54] PHP Warning:  preg_match(): Compilation failed: missing terminating ] for character class at offset 10 in /home/ugrad/09/s0911434/public_html/jikken-s11/1-1/search.php on line 26
[17-Feb-2013 15:40:54] PHP Warning:  preg_match(): Compilation failed: missing terminating ] for character class at offset 10 in /home/ugrad/09/s0911434/public_html/jikken-s11/1-1/search.php on line 26
[17-Feb-2013 15:40:54] PHP Warning:  preg_match(): Compilation failed: missing terminating ] for character class at offset 10 in /home/ugrad/09/s0911434/public_html/jikken-s11/1-1/search.php on line 26
[17-Feb-2013 15:40:54] PHP Warning:  preg_match(): Compilation failed: missing terminating ] for character class at offset 10 in /home/ugrad/09/s0911434/public_html/jikken-s11/1-1/search.php on line 26
[17-Feb-2013 15:40:54] PHP Warning:  preg_match(): Compilation failed: missing terminating ] for character class at offset 10 in /home/ugrad/09/s0911434/public_html/jikken-s11/1-1/search.php on line 26
[17-Feb-2013 15:40:54] PHP Warning:  preg_match(): Compilation failed: missing terminating ] for character class at offset 10 in /home/ugrad/09/s0911434/public_html/jikken-s11/1-1/search.php on line 26
[17-Feb-2013 15:40:54] PHP Warning:  preg_match(): Compilation failed: missing terminating ] for character class at offset 10 in /home/ugrad/09/s0911434/public_html/jikken-s11/1-1/search.php on line 26
[17-Feb-2013 15:40:54] PHP Warning:  preg_match(): Compilation failed: missing terminating ] for character class at offset 10 in /home/ugrad/09/s0911434/public_html/jikken-s11/1-1/search.php on line 26
[17-Feb-2013 15:40:54] PHP Warning:  preg_match(): Compilation failed: missing terminating ] for character class at offset 10 in /home/ugrad/09/s0911434/public_html/jikken-s11/1-1/search.php on line 26
[17-Feb-2013 15:40:54] PHP Warning:  preg_match(): Compilation failed: missing terminating ] for character class at offset 10 in /home/ugrad/09/s0911434/public_html/jikken-s11/1-1/search.php on line 26
[17-Feb-2013 15:40:54] PHP Warning:  preg_match(): Compilation failed: missing terminating ] for character class at offset 10 in /home/ugrad/09/s0911434/public_html/jikken-s11/1-1/search.php on line 26
[17-Feb-2013 15:40:54] PHP Warning:  preg_match(): Compilation failed: missing terminating ] for character class at offset 10 in /home/ugrad/09/s0911434/public_html/jikken-s11/1-1/search.php on line 26
[17-Feb-2013 15:40:54] PHP Warning:  preg_match(): Compilation failed: missing terminating ] for character class at offset 10 in /home/ugrad/09/s0911434/public_html/jikken-s11/1-1/search.php on line 26
[17-Feb-2013 15:40:54] PHP Warning:  preg_match(): Compilation failed: missing terminating ] for character class at offset 10 in /home/ugrad/09/s0911434/public_html/jikken-s11/1-1/search.php on line 26
[17-Feb-2013 15:40:54] PHP Warning:  preg_match(): Compilation failed: missing terminating ] for character class at offset 10 in /home/ugrad/09/s0911434/public_html/jikken-s11/1-1/search.php on line 26
[17-Feb-2013 15:40:54] PHP Warning:  preg_match(): Compilation failed: missing terminating ] for character class at offset 10 in /home/ugrad/09/s0911434/public_html/jikken-s11/1-1/search.php on line 26
[17-Feb-2013 15:40:54] PHP Warning:  preg_match(): Compilation failed: missing terminating ] for character class at offset 10 in /home/ugrad/09/s0911434/public_html/jikken-s11/1-1/search.php on line 26
[17-Feb-2013 15:40:54] PHP Warning:  preg_match(): Compilation failed: missing terminating ] for character class at offset 10 in /home/ugrad/09/s0911434/public_html/jikken-s11/1-1/search.php on line 26
[17-Feb-2013 15:40:54] PHP Warning:  preg_match(): Compilation failed: missing terminating ] for character class at offset 10 in /home/ugrad/09/s0911434/public_html/jikken-s11/1-1/search.php on line 26
[17-Feb-2013 15:40:54] PHP Warning:  preg_match(): Compilation failed: missing terminating ] for character class at offset 10 in /home/ugrad/09/s0911434/public_html/jikken-s11/1-1/search.php on line 26
[17-Feb-2013 15:40:54] PHP Warning:  preg_match(): Compilation failed: missing terminating ] for character class at offset 10 in /home/ugrad/09/s0911434/public_html/jikken-s11/1-1/search.php on line 26
[17-Feb-2013 15:40:54] PHP Warning:  preg_match(): Compilation failed: missing terminating ] for character class at offset 10 in /home/ugrad/09/s0911434/public_html/jikken-s11/1-1/search.php on line 26
[17-Feb-2013 15:40:54] PHP Warning:  preg_match(): Compilation failed: missing terminating ] for character class at offset 10 in /home/ugrad/09/s0911434/public_html/jikken-s11/1-1/search.php on line 26
[17-Feb-2013 15:40:54] PHP Warning:  preg_match(): Compilation failed: missing terminating ] for character class at offset 10 in /home/ugrad/09/s0911434/public_html/jikken-s11/1-1/search.php on line 26
[17-Feb-2013 15:40:54] PHP Warning:  preg_match(): Compilation failed: missing terminating ] for character class at offset 10 in /home/ugrad/09/s0911434/public_html/jikken-s11/1-1/search.php on line 26
[17-Feb-2013 15:40:54] PHP Warning:  preg_match(): Compilation failed: missing terminating ] for character class at offset 10 in /home/ugrad/09/s0911434/public_html/jikken-s11/1-1/search.php on line 26
[17-Feb-2013 15:40:54] PHP Warning:  preg_match(): Compilation failed: missing terminating ] for character class at offset 10 in /home/ugrad/09/s0911434/public_html/jikken-s11/1-1/search.php on line 26
[17-Feb-2013 15:40:54] PHP Warning:  preg_match(): Compilation failed: missing terminating ] for character class at offset 10 in /home/ugrad/09/s0911434/public_html/jikken-s11/1-1/search.php on line 26
[17-Feb-2013 15:40:54] PHP Warning:  preg_match(): Compilation failed: missing terminating ] for character class at offset 10 in /home/ugrad/09/s0911434/public_html/jikken-s11/1-1/search.php on line 26
[17-Feb-2013 15:40:54] PHP Warning:  preg_match(): Compilation failed: missing terminating ] for character class at offset 10 in /home/ugrad/09/s0911434/public_html/jikken-s11/1-1/search.php on line 26
[17-Feb-2013 15:40:54] PHP Warning:  preg_match(): Compilation failed: missing terminating ] for character class at offset 10 in /home/ugrad/09/s0911434/public_html/jikken-s11/1-1/search.php on line 26
[17-Feb-2013 15:40:54] PHP Warning:  preg_match(): Compilation failed: missing terminating ] for character class at offset 10 in /home/ugrad/09/s0911434/public_html/jikken-s11/1-1/search.php on line 26
[17-Feb-2013 15:40:54] PHP Warning:  preg_match(): Compilation failed: missing terminating ] for character class at offset 10 in /home/ugrad/09/s0911434/public_html/jikken-s11/1-1/search.php on line 26
[17-Feb-2013 15:40:54] PHP Warning:  preg_match(): Compilation failed: missing terminating ] for character class at offset 10 in /home/ugrad/09/s0911434/public_html/jikken-s11/1-1/search.php on line 26
[17-Feb-2013 15:40:54] PHP Warning:  preg_match(): Compilation failed: missing terminating ] for character class at offset 10 in /home/ugrad/09/s0911434/public_html/jikken-s11/1-1/search.php on line 26
[17-Feb-2013 15:40:54] PHP Warning:  preg_match(): Compilation failed: missing terminating ] for character class at offset 10 in /home/ugrad/09/s0911434/public_html/jikken-s11/1-1/search.php on line 26
[17-Feb-2013 15:40:54] PHP Warning:  preg_match(): Compilation failed: missing terminating ] for character class at offset 10 in /home/ugrad/09/s0911434/public_html/jikken-s11/1-1/search.php on line 26
[17-Feb-2013 15:40:54] PHP Warning:  preg_match(): Compilation failed: missing terminating ] for character class at offset 10 in /home/ugrad/09/s0911434/public_html/jikken-s11/1-1/search.php on line 26
[17-Feb-2013 15:40:54] PHP Warning:  preg_match(): Compilation failed: missing terminating ] for character class at offset 10 in /home/ugrad/09/s0911434/public_html/jikken-s11/1-1/search.php on line 26
[17-Feb-2013 15:40:54] PHP Warning:  preg_match(): Compilation failed: missing terminating ] for character class at offset 10 in /home/ugrad/09/s0911434/public_html/jikken-s11/1-1/search.php on line 26
[04-Mar-2013 19:52:12] PHP Fatal error:  Call to undefined function dump_var() in /home/ugrad/09/s0911434/public_html/jikken-s11/2-2/add.php on line 5
[04-Mar-2013 19:52:35] PHP Notice:  Undefined index: content in /home/ugrad/09/s0911434/public_html/jikken-s11/2-2/add.php on line 3
[05-Mar-2013 22:44:19] PHP Warning:  fopen(resource/2_1_data.csv): failed to open stream: No such file or directory in /home/ugrad/09/s0911434/public_html/jikken-s11/2-2/index.php on line 40
[05-Mar-2013 22:44:19] PHP Warning:  fgetcsv() expects parameter 1 to be resource, boolean given in /home/ugrad/09/s0911434/public_html/jikken-s11/2-2/index.php on line 42
[05-Mar-2013 22:44:19] PHP Warning:  fclose() expects parameter 1 to be resource, boolean given in /home/ugrad/09/s0911434/public_html/jikken-s11/2-2/index.php on line 61
[05-Mar-2013 23:34:41] PHP Parse error:  syntax error, unexpected '<' in /home/ugrad/09/s0911434/public_html/jikken-s11/2-2/search.php on line 14
[05-Mar-2013 23:37:33] PHP Parse error:  syntax error, unexpected '<' in /home/ugrad/09/s0911434/public_html/jikken-s11/2-2/search.php on line 14
[05-Mar-2013 23:38:23] PHP Parse error:  syntax error, unexpected '=' in /home/ugrad/09/s0911434/public_html/jikken-s11/2-2/search.php on line 16
[05-Mar-2013 23:44:34] PHP Parse error:  syntax error, unexpected T_CONSTANT_ENCAPSED_STRING in /home/ugrad/09/s0911434/public_html/jikken-s11/2-2/search.php on line 18
[06-Mar-2013 03:02:50] PHP Parse error:  syntax error, unexpected '}' in /home/ugrad/09/s0911434/public_html/jikken-s11/2-3/index.php on line 44
